<?xml version="1.0" encoding="UTF-8"?>
<!-- Generated by org.testng.reporters.JUnitXMLReporter -->
<testsuite ignored="4" hostname="SKHAREED-LAP" failures="0" tests="3" name="Test" time="10.98" errors="0" timestamp="17 Oct 2019 12:24:07 GMT">
  <testcase classname="com.testCases.Test4" name="createProjectTest" time="4.615"/>
  <testcase classname="com.testCases.Test5" name="createProjectTest" time="3.612"/>
  <testcase classname="com.testCases.Test6" name="createProjectTest" time="2.725"/>
  <testcase classname="com.testBase.TestBase" name="@BeforeSuite OpenBrowser" time="0.0">
    <ignored/>
  </testcase> <!-- @BeforeSuite OpenBrowser -->
  <testcase classname="com.testBase.TestBase" name="@BeforeSuite OpenBrowser" time="0.0">
    <ignored/>
  </testcase> <!-- @BeforeSuite OpenBrowser -->
  <testcase classname="com.testBase.TestBase" name="@AfterSuite CloseBrowser" time="0.0">
    <ignored/>
  </testcase> <!-- @AfterSuite CloseBrowser -->
  <testcase classname="com.testBase.TestBase" name="@AfterSuite CloseBrowser" time="0.0">
    <ignored/>
  </testcase> <!-- @AfterSuite CloseBrowser -->
</testsuite> <!-- Test -->
